  GLSLProgram.cpp
  main.cpp
C:\Git\Praktika\Computergrafik\Blatt01\main.cpp(299): warning C4267: "Argument": Konvertierung von "size_t" nach "glm::tvec3<float,0>::length_type", Datenverlust möglich
C:\Git\Praktika\Computergrafik\Blatt01\main.cpp(301): warning C4267: "Argument": Konvertierung von "size_t" nach "glm::tvec3<float,0>::length_type", Datenverlust möglich
C:\Git\Praktika\Computergrafik\Blatt01\main.cpp(303): warning C4267: "Argument": Konvertierung von "size_t" nach "glm::tvec3<float,0>::length_type", Datenverlust möglich
C:\Git\Praktika\Computergrafik\Blatt01\main.cpp(305): warning C4267: "Argument": Konvertierung von "size_t" nach "glm::tvec3<float,0>::length_type", Datenverlust möglich
  Code wird generiert...
  LINK : C:\Git\Praktika\Computergrafik\Blatt01\x64\Debug\Blatt01.exe wurde nicht gefunden oder beim letzten inkrementellen Linkvorgang nicht erstellt; vollständiger Link wird durchgeführt.
libglew32d.lib(glew.obj) : warning LNK4099: PDB "glew_s.pdb" wurde nicht mit "libglew32d.lib(glew.obj)" oder an "C:\Git\Praktika\Computergrafik\Blatt01\x64\Debug\glew_s.pdb" gefunden; Objekt wird verknüpft, als ob keine Debuginformationen vorhanden wären.
freeglut_staticd.lib(fg_callbacks.obj) : warning LNK4099: PDB "freeglut_static.pdb" wurde nicht mit "freeglut_staticd.lib(fg_callbacks.obj)" oder an "C:\Git\Praktika\Computergrafik\Blatt01\x64\Debug\freeglut_static.pdb" gefunden; Objekt wird verknüpft, als ob keine Debuginformationen vorhanden wären.
freeglut_staticd.lib(fg_cursor.obj) : warning LNK4099: PDB "freeglut_static.pdb" wurde nicht mit "freeglut_staticd.lib(fg_cursor.obj)" oder an "C:\Git\Praktika\Computergrafik\Blatt01\x64\Debug\freeglut_static.pdb" gefunden; Objekt wird verknüpft, als ob keine Debuginformationen vorhanden wären.
freeglut_staticd.lib(fg_display.obj) : warning LNK4099: PDB "freeglut_static.pdb" wurde nicht mit "freeglut_staticd.lib(fg_display.obj)" oder an "C:\Git\Praktika\Computergrafik\Blatt01\x64\Debug\freeglut_static.pdb" gefunden; Objekt wird verknüpft, als ob keine Debuginformationen vorhanden wären.
freeglut_staticd.lib(fg_ext.obj) : warning LNK4099: PDB "freeglut_static.pdb" wurde nicht mit "freeglut_staticd.lib(fg_ext.obj)" oder an "C:\Git\Praktika\Computergrafik\Blatt01\x64\Debug\freeglut_static.pdb" gefunden; Objekt wird verknüpft, als ob keine Debuginformationen vorhanden wären.
freeglut_staticd.lib(fg_font_data.obj) : warning LNK4099: PDB "freeglut_static.pdb" wurde nicht mit "freeglut_staticd.lib(fg_font_data.obj)" oder an "C:\Git\Praktika\Computergrafik\Blatt01\x64\Debug\freeglut_static.pdb" gefunden; Objekt wird verknüpft, als ob keine Debuginformationen vorhanden wären.
freeglut_staticd.lib(fg_gamemode.obj) : warning LNK4099: PDB "freeglut_static.pdb" wurde nicht mit "freeglut_staticd.lib(fg_gamemode.obj)" oder an "C:\Git\Praktika\Computergrafik\Blatt01\x64\Debug\freeglut_static.pdb" gefunden; Objekt wird verknüpft, als ob keine Debuginformationen vorhanden wären.
freeglut_staticd.lib(fg_geometry.obj) : warning LNK4099: PDB "freeglut_static.pdb" wurde nicht mit "freeglut_staticd.lib(fg_geometry.obj)" oder an "C:\Git\Praktika\Computergrafik\Blatt01\x64\Debug\freeglut_static.pdb" gefunden; Objekt wird verknüpft, als ob keine Debuginformationen vorhanden wären.
freeglut_staticd.lib(fg_gl2.obj) : warning LNK4099: PDB "freeglut_static.pdb" wurde nicht mit "freeglut_staticd.lib(fg_gl2.obj)" oder an "C:\Git\Praktika\Computergrafik\Blatt01\x64\Debug\freeglut_static.pdb" gefunden; Objekt wird verknüpft, als ob keine Debuginformationen vorhanden wären.
freeglut_staticd.lib(fg_init.obj) : warning LNK4099: PDB "freeglut_static.pdb" wurde nicht mit "freeglut_staticd.lib(fg_init.obj)" oder an "C:\Git\Praktika\Computergrafik\Blatt01\x64\Debug\freeglut_static.pdb" gefunden; Objekt wird verknüpft, als ob keine Debuginformationen vorhanden wären.
freeglut_staticd.lib(fg_input_devices.obj) : warning LNK4099: PDB "freeglut_static.pdb" wurde nicht mit "freeglut_staticd.lib(fg_input_devices.obj)" oder an "C:\Git\Praktika\Computergrafik\Blatt01\x64\Debug\freeglut_static.pdb" gefunden; Objekt wird verknüpft, als ob keine Debuginformationen vorhanden wären.
freeglut_staticd.lib(fg_joystick.obj) : warning LNK4099: PDB "freeglut_static.pdb" wurde nicht mit "freeglut_staticd.lib(fg_joystick.obj)" oder an "C:\Git\Praktika\Computergrafik\Blatt01\x64\Debug\freeglut_static.pdb" gefunden; Objekt wird verknüpft, als ob keine Debuginformationen vorhanden wären.
freeglut_staticd.lib(fg_main.obj) : warning LNK4099: PDB "freeglut_static.pdb" wurde nicht mit "freeglut_staticd.lib(fg_main.obj)" oder an "C:\Git\Praktika\Computergrafik\Blatt01\x64\Debug\freeglut_static.pdb" gefunden; Objekt wird verknüpft, als ob keine Debuginformationen vorhanden wären.
freeglut_staticd.lib(fg_misc.obj) : warning LNK4099: PDB "freeglut_static.pdb" wurde nicht mit "freeglut_staticd.lib(fg_misc.obj)" oder an "C:\Git\Praktika\Computergrafik\Blatt01\x64\Debug\freeglut_static.pdb" gefunden; Objekt wird verknüpft, als ob keine Debuginformationen vorhanden wären.
freeglut_staticd.lib(fg_overlay.obj) : warning LNK4099: PDB "freeglut_static.pdb" wurde nicht mit "freeglut_staticd.lib(fg_overlay.obj)" oder an "C:\Git\Praktika\Computergrafik\Blatt01\x64\Debug\freeglut_static.pdb" gefunden; Objekt wird verknüpft, als ob keine Debuginformationen vorhanden wären.
freeglut_staticd.lib(fg_spaceball.obj) : warning LNK4099: PDB "freeglut_static.pdb" wurde nicht mit "freeglut_staticd.lib(fg_spaceball.obj)" oder an "C:\Git\Praktika\Computergrafik\Blatt01\x64\Debug\freeglut_static.pdb" gefunden; Objekt wird verknüpft, als ob keine Debuginformationen vorhanden wären.
freeglut_staticd.lib(fg_state.obj) : warning LNK4099: PDB "freeglut_static.pdb" wurde nicht mit "freeglut_staticd.lib(fg_state.obj)" oder an "C:\Git\Praktika\Computergrafik\Blatt01\x64\Debug\freeglut_static.pdb" gefunden; Objekt wird verknüpft, als ob keine Debuginformationen vorhanden wären.
freeglut_staticd.lib(fg_stroke_mono_roman.obj) : warning LNK4099: PDB "freeglut_static.pdb" wurde nicht mit "freeglut_staticd.lib(fg_stroke_mono_roman.obj)" oder an "C:\Git\Praktika\Computergrafik\Blatt01\x64\Debug\freeglut_static.pdb" gefunden; Objekt wird verknüpft, als ob keine Debuginformationen vorhanden wären.
freeglut_staticd.lib(fg_stroke_roman.obj) : warning LNK4099: PDB "freeglut_static.pdb" wurde nicht mit "freeglut_staticd.lib(fg_stroke_roman.obj)" oder an "C:\Git\Praktika\Computergrafik\Blatt01\x64\Debug\freeglut_static.pdb" gefunden; Objekt wird verknüpft, als ob keine Debuginformationen vorhanden wären.
freeglut_staticd.lib(fg_structure.obj) : warning LNK4099: PDB "freeglut_static.pdb" wurde nicht mit "freeglut_staticd.lib(fg_structure.obj)" oder an "C:\Git\Praktika\Computergrafik\Blatt01\x64\Debug\freeglut_static.pdb" gefunden; Objekt wird verknüpft, als ob keine Debuginformationen vorhanden wären.
freeglut_staticd.lib(fg_teapot.obj) : warning LNK4099: PDB "freeglut_static.pdb" wurde nicht mit "freeglut_staticd.lib(fg_teapot.obj)" oder an "C:\Git\Praktika\Computergrafik\Blatt01\x64\Debug\freeglut_static.pdb" gefunden; Objekt wird verknüpft, als ob keine Debuginformationen vorhanden wären.
freeglut_staticd.lib(fg_videoresize.obj) : warning LNK4099: PDB "freeglut_static.pdb" wurde nicht mit "freeglut_staticd.lib(fg_videoresize.obj)" oder an "C:\Git\Praktika\Computergrafik\Blatt01\x64\Debug\freeglut_static.pdb" gefunden; Objekt wird verknüpft, als ob keine Debuginformationen vorhanden wären.
freeglut_staticd.lib(fg_window.obj) : warning LNK4099: PDB "freeglut_static.pdb" wurde nicht mit "freeglut_staticd.lib(fg_window.obj)" oder an "C:\Git\Praktika\Computergrafik\Blatt01\x64\Debug\freeglut_static.pdb" gefunden; Objekt wird verknüpft, als ob keine Debuginformationen vorhanden wären.
freeglut_staticd.lib(fg_font.obj) : warning LNK4099: PDB "freeglut_static.pdb" wurde nicht mit "freeglut_staticd.lib(fg_font.obj)" oder an "C:\Git\Praktika\Computergrafik\Blatt01\x64\Debug\freeglut_static.pdb" gefunden; Objekt wird verknüpft, als ob keine Debuginformationen vorhanden wären.
freeglut_staticd.lib(fg_menu.obj) : warning LNK4099: PDB "freeglut_static.pdb" wurde nicht mit "freeglut_staticd.lib(fg_menu.obj)" oder an "C:\Git\Praktika\Computergrafik\Blatt01\x64\Debug\freeglut_static.pdb" gefunden; Objekt wird verknüpft, als ob keine Debuginformationen vorhanden wären.
freeglut_staticd.lib(fg_cursor_mswin.obj) : warning LNK4099: PDB "freeglut_static.pdb" wurde nicht mit "freeglut_staticd.lib(fg_cursor_mswin.obj)" oder an "C:\Git\Praktika\Computergrafik\Blatt01\x64\Debug\freeglut_static.pdb" gefunden; Objekt wird verknüpft, als ob keine Debuginformationen vorhanden wären.
freeglut_staticd.lib(fg_display_mswin.obj) : warning LNK4099: PDB "freeglut_static.pdb" wurde nicht mit "freeglut_staticd.lib(fg_display_mswin.obj)" oder an "C:\Git\Praktika\Computergrafik\Blatt01\x64\Debug\freeglut_static.pdb" gefunden; Objekt wird verknüpft, als ob keine Debuginformationen vorhanden wären.
freeglut_staticd.lib(fg_ext_mswin.obj) : warning LNK4099: PDB "freeglut_static.pdb" wurde nicht mit "freeglut_staticd.lib(fg_ext_mswin.obj)" oder an "C:\Git\Praktika\Computergrafik\Blatt01\x64\Debug\freeglut_static.pdb" gefunden; Objekt wird verknüpft, als ob keine Debuginformationen vorhanden wären.
freeglut_staticd.lib(fg_gamemode_mswin.obj) : warning LNK4099: PDB "freeglut_static.pdb" wurde nicht mit "freeglut_staticd.lib(fg_gamemode_mswin.obj)" oder an "C:\Git\Praktika\Computergrafik\Blatt01\x64\Debug\freeglut_static.pdb" gefunden; Objekt wird verknüpft, als ob keine Debuginformationen vorhanden wären.
freeglut_staticd.lib(fg_init_mswin.obj) : warning LNK4099: PDB "freeglut_static.pdb" wurde nicht mit "freeglut_staticd.lib(fg_init_mswin.obj)" oder an "C:\Git\Praktika\Computergrafik\Blatt01\x64\Debug\freeglut_static.pdb" gefunden; Objekt wird verknüpft, als ob keine Debuginformationen vorhanden wären.
freeglut_staticd.lib(fg_input_devices_mswin.obj) : warning LNK4099: PDB "freeglut_static.pdb" wurde nicht mit "freeglut_staticd.lib(fg_input_devices_mswin.obj)" oder an "C:\Git\Praktika\Computergrafik\Blatt01\x64\Debug\freeglut_static.pdb" gefunden; Objekt wird verknüpft, als ob keine Debuginformationen vorhanden wären.
freeglut_staticd.lib(fg_joystick_mswin.obj) : warning LNK4099: PDB "freeglut_static.pdb" wurde nicht mit "freeglut_staticd.lib(fg_joystick_mswin.obj)" oder an "C:\Git\Praktika\Computergrafik\Blatt01\x64\Debug\freeglut_static.pdb" gefunden; Objekt wird verknüpft, als ob keine Debuginformationen vorhanden wären.
freeglut_staticd.lib(fg_main_mswin.obj) : warning LNK4099: PDB "freeglut_static.pdb" wurde nicht mit "freeglut_staticd.lib(fg_main_mswin.obj)" oder an "C:\Git\Praktika\Computergrafik\Blatt01\x64\Debug\freeglut_static.pdb" gefunden; Objekt wird verknüpft, als ob keine Debuginformationen vorhanden wären.
freeglut_staticd.lib(fg_menu_mswin.obj) : warning LNK4099: PDB "freeglut_static.pdb" wurde nicht mit "freeglut_staticd.lib(fg_menu_mswin.obj)" oder an "C:\Git\Praktika\Computergrafik\Blatt01\x64\Debug\freeglut_static.pdb" gefunden; Objekt wird verknüpft, als ob keine Debuginformationen vorhanden wären.
freeglut_staticd.lib(fg_spaceball_mswin.obj) : warning LNK4099: PDB "freeglut_static.pdb" wurde nicht mit "freeglut_staticd.lib(fg_spaceball_mswin.obj)" oder an "C:\Git\Praktika\Computergrafik\Blatt01\x64\Debug\freeglut_static.pdb" gefunden; Objekt wird verknüpft, als ob keine Debuginformationen vorhanden wären.
freeglut_staticd.lib(fg_state_mswin.obj) : warning LNK4099: PDB "freeglut_static.pdb" wurde nicht mit "freeglut_staticd.lib(fg_state_mswin.obj)" oder an "C:\Git\Praktika\Computergrafik\Blatt01\x64\Debug\freeglut_static.pdb" gefunden; Objekt wird verknüpft, als ob keine Debuginformationen vorhanden wären.
freeglut_staticd.lib(fg_structure_mswin.obj) : warning LNK4099: PDB "freeglut_static.pdb" wurde nicht mit "freeglut_staticd.lib(fg_structure_mswin.obj)" oder an "C:\Git\Praktika\Computergrafik\Blatt01\x64\Debug\freeglut_static.pdb" gefunden; Objekt wird verknüpft, als ob keine Debuginformationen vorhanden wären.
freeglut_staticd.lib(fg_window_mswin.obj) : warning LNK4099: PDB "freeglut_static.pdb" wurde nicht mit "freeglut_staticd.lib(fg_window_mswin.obj)" oder an "C:\Git\Praktika\Computergrafik\Blatt01\x64\Debug\freeglut_static.pdb" gefunden; Objekt wird verknüpft, als ob keine Debuginformationen vorhanden wären.
freeglut_staticd.lib(xparsegeometry_repl.obj) : warning LNK4099: PDB "freeglut_static.pdb" wurde nicht mit "freeglut_staticd.lib(xparsegeometry_repl.obj)" oder an "C:\Git\Praktika\Computergrafik\Blatt01\x64\Debug\freeglut_static.pdb" gefunden; Objekt wird verknüpft, als ob keine Debuginformationen vorhanden wären.
  Blatt01.vcxproj -> C:\Git\Praktika\Computergrafik\Blatt01\x64\Debug\Blatt01.exe
